  Lab6.2.cpp
D:\Github\PKR\Lab6.2\Lab6.2\Lab6.2\Lab6.2.cpp(93,9): warning C4566: character represented by universal-character-name '\u00C2' cannot be represented in the current code page (1251)
D:\Github\PKR\Lab6.2\Lab6.2\Lab6.2\Lab6.2.cpp(93,9): warning C4566: character represented by universal-character-name '\u00E2' cannot be represented in the current code page (1251)
D:\Github\PKR\Lab6.2\Lab6.2\Lab6.2\Lab6.2.cpp(93,9): warning C4566: character represented by universal-character-name '\u00E5' cannot be represented in the current code page (1251)
D:\Github\PKR\Lab6.2\Lab6.2\Lab6.2\Lab6.2.cpp(93,9): warning C4566: character represented by universal-character-name '\u00E4' cannot be represented in the current code page (1251)
D:\Github\PKR\Lab6.2\Lab6.2\Lab6.2\Lab6.2.cpp(93,9): warning C4566: character represented by universal-character-name '\u00E8' cannot be represented in the current code page (1251)
D:\Github\PKR\Lab6.2\Lab6.2\Lab6.2\Lab6.2.cpp(93,9): warning C4566: character represented by universal-character-name '\u00F2' cannot be represented in the current code page (1251)
D:\Github\PKR\Lab6.2\Lab6.2\Lab6.2\Lab6.2.cpp(93,9): warning C4566: character represented by universal-character-name '\u00EC' cannot be represented in the current code page (1251)
D:\Github\PKR\Lab6.2\Lab6.2\Lab6.2\Lab6.2.cpp(93,9): warning C4566: character represented by universal-character-name '\u00FF' cannot be represented in the current code page (1251)
D:\Github\PKR\Lab6.2\Lab6.2\Lab6.2\Lab6.2.cpp(93,9): warning C4566: character represented by universal-character-name '\u00F4' cannot be represented in the current code page (1251)
D:\Github\PKR\Lab6.2\Lab6.2\Lab6.2\Lab6.2.cpp(93,9): warning C4566: character represented by universal-character-name '\u00E0' cannot be represented in the current code page (1251)
D:\Github\PKR\Lab6.2\Lab6.2\Lab6.2\Lab6.2.cpp(93,9): warning C4566: character represented by universal-character-name '\u00E9' cannot be represented in the current code page (1251)
D:\Github\PKR\Lab6.2\Lab6.2\Lab6.2\Lab6.2.cpp(93,9): warning C4566: character represented by universal-character-name '\u00EB' cannot be represented in the current code page (1251)
D:\Github\PKR\Lab6.2\Lab6.2\Lab6.2\Lab6.2.cpp(99,10): warning C4566: character represented by universal-character-name '\u00CD' cannot be represented in the current code page (1251)
D:\Github\PKR\Lab6.2\Lab6.2\Lab6.2\Lab6.2.cpp(99,10): warning C4566: character represented by universal-character-name '\u00E5' cannot be represented in the current code page (1251)
D:\Github\PKR\Lab6.2\Lab6.2\Lab6.2\Lab6.2.cpp(99,10): warning C4566: character represented by universal-character-name '\u00F3' cannot be represented in the current code page (1251)
D:\Github\PKR\Lab6.2\Lab6.2\Lab6.2\Lab6.2.cpp(99,10): warning C4566: character represented by universal-character-name '\u00E4' cannot be represented in the current code page (1251)
D:\Github\PKR\Lab6.2\Lab6.2\Lab6.2\Lab6.2.cpp(99,10): warning C4566: character represented by universal-character-name '\u00E0' cannot be represented in the current code page (1251)
D:\Github\PKR\Lab6.2\Lab6.2\Lab6.2\Lab6.2.cpp(99,10): warning C4566: character represented by universal-character-name '\u00EB' cannot be represented in the current code page (1251)
D:\Github\PKR\Lab6.2\Lab6.2\Lab6.2\Lab6.2.cpp(99,10): warning C4566: character represented by universal-character-name '\u00EE' cannot be represented in the current code page (1251)
D:\Github\PKR\Lab6.2\Lab6.2\Lab6.2\Lab6.2.cpp(99,10): warning C4566: character represented by universal-character-name '\u00F1' cannot be represented in the current code page (1251)
D:\Github\PKR\Lab6.2\Lab6.2\Lab6.2\Lab6.2.cpp(99,10): warning C4566: character represented by universal-character-name '\u00FC' cannot be represented in the current code page (1251)
D:\Github\PKR\Lab6.2\Lab6.2\Lab6.2\Lab6.2.cpp(99,10): warning C4566: character represented by universal-character-name '\u00F2' cannot be represented in the current code page (1251)
D:\Github\PKR\Lab6.2\Lab6.2\Lab6.2\Lab6.2.cpp(99,10): warning C4566: character represented by universal-character-name '\u00EA' cannot be represented in the current code page (1251)
D:\Github\PKR\Lab6.2\Lab6.2\Lab6.2\Lab6.2.cpp(99,10): warning C4566: character represented by universal-character-name '\u00F0' cannot be represented in the current code page (1251)
D:\Github\PKR\Lab6.2\Lab6.2\Lab6.2\Lab6.2.cpp(99,10): warning C4566: character represented by universal-character-name '\u00FB' cannot be represented in the current code page (1251)
D:\Github\PKR\Lab6.2\Lab6.2\Lab6.2\Lab6.2.cpp(99,10): warning C4566: character represented by universal-character-name '\u00F4' cannot be represented in the current code page (1251)
D:\Github\PKR\Lab6.2\Lab6.2\Lab6.2\Lab6.2.cpp(99,10): warning C4566: character represented by universal-character-name '\u00E9' cannot be represented in the current code page (1251)
D:\Github\PKR\Lab6.2\Lab6.2\Lab6.2\Lab6.2.cpp(130,10): warning C4566: character represented by universal-character-name '\u00CF' cannot be represented in the current code page (1251)
D:\Github\PKR\Lab6.2\Lab6.2\Lab6.2\Lab6.2.cpp(130,10): warning C4566: character represented by universal-character-name '\u00E5' cannot be represented in the current code page (1251)
D:\Github\PKR\Lab6.2\Lab6.2\Lab6.2\Lab6.2.cpp(130,10): warning C4566: character represented by universal-character-name '\u00F0' cannot be represented in the current code page (1251)
D:\Github\PKR\Lab6.2\Lab6.2\Lab6.2\Lab6.2.cpp(130,10): warning C4566: character represented by universal-character-name '\u00E2' cannot be represented in the current code page (1251)
D:\Github\PKR\Lab6.2\Lab6.2\Lab6.2\Lab6.2.cpp(130,10): warning C4566: character represented by universal-character-name '\u00FB' cannot be represented in the current code page (1251)
D:\Github\PKR\Lab6.2\Lab6.2\Lab6.2\Lab6.2.cpp(130,10): warning C4566: character represented by universal-character-name '\u00E9' cannot be represented in the current code page (1251)
D:\Github\PKR\Lab6.2\Lab6.2\Lab6.2\Lab6.2.cpp(130,10): warning C4566: character represented by universal-character-name '\u00F1' cannot be represented in the current code page (1251)
D:\Github\PKR\Lab6.2\Lab6.2\Lab6.2\Lab6.2.cpp(130,10): warning C4566: character represented by universal-character-name '\u00EF' cannot be represented in the current code page (1251)
D:\Github\PKR\Lab6.2\Lab6.2\Lab6.2\Lab6.2.cpp(130,10): warning C4566: character represented by universal-character-name '\u00E8' cannot be represented in the current code page (1251)
D:\Github\PKR\Lab6.2\Lab6.2\Lab6.2\Lab6.2.cpp(130,10): warning C4566: character represented by universal-character-name '\u00EE' cannot be represented in the current code page (1251)
D:\Github\PKR\Lab6.2\Lab6.2\Lab6.2\Lab6.2.cpp(130,10): warning C4566: character represented by universal-character-name '\u00EA' cannot be represented in the current code page (1251)
D:\Github\PKR\Lab6.2\Lab6.2\Lab6.2\Lab6.2.cpp(130,10): warning C4566: character represented by universal-character-name '\u00E4' cannot be represented in the current code page (1251)
D:\Github\PKR\Lab6.2\Lab6.2\Lab6.2\Lab6.2.cpp(130,10): warning C4566: character represented by universal-character-name '\u00E6' cannot be represented in the current code page (1251)
D:\Github\PKR\Lab6.2\Lab6.2\Lab6.2\Lab6.2.cpp(130,10): warning C4566: character represented by universal-character-name '\u00F2' cannot be represented in the current code page (1251)
D:\Github\PKR\Lab6.2\Lab6.2\Lab6.2\Lab6.2.cpp(132,10): warning C4566: character represented by universal-character-name '\u00C2' cannot be represented in the current code page (1251)
D:\Github\PKR\Lab6.2\Lab6.2\Lab6.2\Lab6.2.cpp(132,10): warning C4566: character represented by universal-character-name '\u00F2' cannot be represented in the current code page (1251)
D:\Github\PKR\Lab6.2\Lab6.2\Lab6.2\Lab6.2.cpp(132,10): warning C4566: character represented by universal-character-name '\u00EE' cannot be represented in the current code page (1251)
D:\Github\PKR\Lab6.2\Lab6.2\Lab6.2\Lab6.2.cpp(132,10): warning C4566: character represented by universal-character-name '\u00F0' cannot be represented in the current code page (1251)
D:\Github\PKR\Lab6.2\Lab6.2\Lab6.2\Lab6.2.cpp(132,10): warning C4566: character represented by universal-character-name '\u00E9' cannot be represented in the current code page (1251)
D:\Github\PKR\Lab6.2\Lab6.2\Lab6.2\Lab6.2.cpp(132,10): warning C4566: character represented by universal-character-name '\u00F1' cannot be represented in the current code page (1251)
D:\Github\PKR\Lab6.2\Lab6.2\Lab6.2\Lab6.2.cpp(132,10): warning C4566: character represented by universal-character-name '\u00EF' cannot be represented in the current code page (1251)
D:\Github\PKR\Lab6.2\Lab6.2\Lab6.2\Lab6.2.cpp(132,10): warning C4566: character represented by universal-character-name '\u00E8' cannot be represented in the current code page (1251)
D:\Github\PKR\Lab6.2\Lab6.2\Lab6.2\Lab6.2.cpp(132,10): warning C4566: character represented by universal-character-name '\u00EA' cannot be represented in the current code page (1251)
D:\Github\PKR\Lab6.2\Lab6.2\Lab6.2\Lab6.2.cpp(132,10): warning C4566: character represented by universal-character-name '\u00E4' cannot be represented in the current code page (1251)
D:\Github\PKR\Lab6.2\Lab6.2\Lab6.2\Lab6.2.cpp(132,10): warning C4566: character represented by universal-character-name '\u00E5' cannot be represented in the current code page (1251)
D:\Github\PKR\Lab6.2\Lab6.2\Lab6.2\Lab6.2.cpp(132,10): warning C4566: character represented by universal-character-name '\u00E6' cannot be represented in the current code page (1251)
D:\Github\PKR\Lab6.2\Lab6.2\Lab6.2\Lab6.2.cpp(132,10): warning C4566: character represented by universal-character-name '\u00E2' cannot be represented in the current code page (1251)
D:\Github\PKR\Lab6.2\Lab6.2\Lab6.2\Lab6.2.cpp(132,10): warning C4566: character represented by universal-character-name '\u00FB' cannot be represented in the current code page (1251)
D:\Github\PKR\Lab6.2\Lab6.2\Lab6.2\Lab6.2.cpp(134,10): warning C4566: character represented by universal-character-name '\u00CD' cannot be represented in the current code page (1251)
D:\Github\PKR\Lab6.2\Lab6.2\Lab6.2\Lab6.2.cpp(134,10): warning C4566: character represented by universal-character-name '\u00E8' cannot be represented in the current code page (1251)
D:\Github\PKR\Lab6.2\Lab6.2\Lab6.2\Lab6.2.cpp(134,10): warning C4566: character represented by universal-character-name '\u00EE' cannot be represented in the current code page (1251)
D:\Github\PKR\Lab6.2\Lab6.2\Lab6.2\Lab6.2.cpp(134,10): warning C4566: character represented by universal-character-name '\u00E4' cannot be represented in the current code page (1251)
D:\Github\PKR\Lab6.2\Lab6.2\Lab6.2\Lab6.2.cpp(134,10): warning C4566: character represented by universal-character-name '\u00ED' cannot be represented in the current code page (1251)
D:\Github\PKR\Lab6.2\Lab6.2\Lab6.2\Lab6.2.cpp(134,10): warning C4566: character represented by universal-character-name '\u00E7' cannot be represented in the current code page (1251)
D:\Github\PKR\Lab6.2\Lab6.2\Lab6.2\Lab6.2.cpp(134,10): warning C4566: character represented by universal-character-name '\u00F1' cannot be represented in the current code page (1251)
D:\Github\PKR\Lab6.2\Lab6.2\Lab6.2\Lab6.2.cpp(134,10): warning C4566: character represented by universal-character-name '\u00EF' cannot be represented in the current code page (1251)
D:\Github\PKR\Lab6.2\Lab6.2\Lab6.2\Lab6.2.cpp(134,10): warning C4566: character represented by universal-character-name '\u00EA' cannot be represented in the current code page (1251)
D:\Github\PKR\Lab6.2\Lab6.2\Lab6.2\Lab6.2.cpp(134,10): warning C4566: character represented by universal-character-name '\u00E2' cannot be represented in the current code page (1251)
D:\Github\PKR\Lab6.2\Lab6.2\Lab6.2\Lab6.2.cpp(134,10): warning C4566: character represented by universal-character-name '\u00E5' cannot be represented in the current code page (1251)
D:\Github\PKR\Lab6.2\Lab6.2\Lab6.2\Lab6.2.cpp(134,10): warning C4566: character represented by universal-character-name '\u00F0' cannot be represented in the current code page (1251)
D:\Github\PKR\Lab6.2\Lab6.2\Lab6.2\Lab6.2.cpp(134,10): warning C4566: character represented by universal-character-name '\u00F2' cannot be represented in the current code page (1251)
D:\Github\PKR\Lab6.2\Lab6.2\Lab6.2\Lab6.2.cpp(134,10): warning C4566: character represented by universal-character-name '\u00F3' cannot be represented in the current code page (1251)
D:\Github\PKR\Lab6.2\Lab6.2\Lab6.2\Lab6.2.cpp(134,10): warning C4566: character represented by universal-character-name '\u00E3' cannot be represented in the current code page (1251)
D:\Github\PKR\Lab6.2\Lab6.2\Lab6.2\Lab6.2.cpp(134,10): warning C4566: character represented by universal-character-name '\u00E0' cannot be represented in the current code page (1251)
  Lab6.2.vcxproj -> D:\Github\PKR\Lab6.2\Lab6.2\x64\Debug\Lab6.2.exe
