  Lab6.4.cpp
D:\Github\PKR\Lab6.4\Lab6.4\Lab6.4\Lab6.4.cpp(42,11): warning C4566: character represented by universal-character-name '\u00C2' cannot be represented in the current code page (1251)
D:\Github\PKR\Lab6.4\Lab6.4\Lab6.4\Lab6.4.cpp(42,11): warning C4566: character represented by universal-character-name '\u00E2' cannot be represented in the current code page (1251)
D:\Github\PKR\Lab6.4\Lab6.4\Lab6.4\Lab6.4.cpp(42,11): warning C4566: character represented by universal-character-name '\u00E5' cannot be represented in the current code page (1251)
D:\Github\PKR\Lab6.4\Lab6.4\Lab6.4\Lab6.4.cpp(42,11): warning C4566: character represented by universal-character-name '\u00E4' cannot be represented in the current code page (1251)
D:\Github\PKR\Lab6.4\Lab6.4\Lab6.4\Lab6.4.cpp(42,11): warning C4566: character represented by universal-character-name '\u00B3' cannot be represented in the current code page (1251)
D:\Github\PKR\Lab6.4\Lab6.4\Lab6.4\Lab6.4.cpp(42,11): warning C4566: character represented by universal-character-name '\u00F2' cannot be represented in the current code page (1251)
D:\Github\PKR\Lab6.4\Lab6.4\Lab6.4\Lab6.4.cpp(42,11): warning C4566: character represented by universal-character-name '\u00FC' cannot be represented in the current code page (1251)
D:\Github\PKR\Lab6.4\Lab6.4\Lab6.4\Lab6.4.cpp(42,11): warning C4566: character represented by universal-character-name '\u00EA' cannot be represented in the current code page (1251)
D:\Github\PKR\Lab6.4\Lab6.4\Lab6.4\Lab6.4.cpp(42,11): warning C4566: character represented by universal-character-name '\u00EB' cannot be represented in the current code page (1251)
D:\Github\PKR\Lab6.4\Lab6.4\Lab6.4\Lab6.4.cpp(42,11): warning C4566: character represented by universal-character-name '\u00F1' cannot be represented in the current code page (1251)
D:\Github\PKR\Lab6.4\Lab6.4\Lab6.4\Lab6.4.cpp(42,11): warning C4566: character represented by universal-character-name '\u00EC' cannot be represented in the current code page (1251)
D:\Github\PKR\Lab6.4\Lab6.4\Lab6.4\Lab6.4.cpp(42,11): warning C4566: character represented by universal-character-name '\u00ED' cannot be represented in the current code page (1251)
D:\Github\PKR\Lab6.4\Lab6.4\Lab6.4\Lab6.4.cpp(42,11): warning C4566: character represented by universal-character-name '\u00EF' cannot be represented in the current code page (1251)
D:\Github\PKR\Lab6.4\Lab6.4\Lab6.4\Lab6.4.cpp(42,11): warning C4566: character represented by universal-character-name '\u00E8' cannot be represented in the current code page (1251)
D:\Github\PKR\Lab6.4\Lab6.4\Lab6.4\Lab6.4.cpp(42,11): warning C4566: character represented by universal-character-name '\u00F3' cannot be represented in the current code page (1251)
D:\Github\PKR\Lab6.4\Lab6.4\Lab6.4\Lab6.4.cpp(47,11): warning C4566: character represented by universal-character-name '\u00C2' cannot be represented in the current code page (1251)
D:\Github\PKR\Lab6.4\Lab6.4\Lab6.4\Lab6.4.cpp(47,11): warning C4566: character represented by universal-character-name '\u00E2' cannot be represented in the current code page (1251)
D:\Github\PKR\Lab6.4\Lab6.4\Lab6.4\Lab6.4.cpp(47,11): warning C4566: character represented by universal-character-name '\u00E5' cannot be represented in the current code page (1251)
D:\Github\PKR\Lab6.4\Lab6.4\Lab6.4\Lab6.4.cpp(47,11): warning C4566: character represented by universal-character-name '\u00E4' cannot be represented in the current code page (1251)
D:\Github\PKR\Lab6.4\Lab6.4\Lab6.4\Lab6.4.cpp(47,11): warning C4566: character represented by universal-character-name '\u00B3' cannot be represented in the current code page (1251)
D:\Github\PKR\Lab6.4\Lab6.4\Lab6.4\Lab6.4.cpp(47,11): warning C4566: character represented by universal-character-name '\u00F2' cannot be represented in the current code page (1251)
D:\Github\PKR\Lab6.4\Lab6.4\Lab6.4\Lab6.4.cpp(47,11): warning C4566: character represented by universal-character-name '\u00FC' cannot be represented in the current code page (1251)
D:\Github\PKR\Lab6.4\Lab6.4\Lab6.4\Lab6.4.cpp(47,11): warning C4566: character represented by universal-character-name '\u00E0' cannot be represented in the current code page (1251)
D:\Github\PKR\Lab6.4\Lab6.4\Lab6.4\Lab6.4.cpp(47,11): warning C4566: character represented by universal-character-name '\u00ED' cannot be represented in the current code page (1251)
D:\Github\PKR\Lab6.4\Lab6.4\Lab6.4\Lab6.4.cpp(51,10): warning C4566: character represented by universal-character-name '\u00C5' cannot be represented in the current code page (1251)
D:\Github\PKR\Lab6.4\Lab6.4\Lab6.4\Lab6.4.cpp(51,10): warning C4566: character represented by universal-character-name '\u00EB' cannot be represented in the current code page (1251)
D:\Github\PKR\Lab6.4\Lab6.4\Lab6.4\Lab6.4.cpp(51,10): warning C4566: character represented by universal-character-name '\u00E5' cannot be represented in the current code page (1251)
D:\Github\PKR\Lab6.4\Lab6.4\Lab6.4\Lab6.4.cpp(51,10): warning C4566: character represented by universal-character-name '\u00EC' cannot be represented in the current code page (1251)
D:\Github\PKR\Lab6.4\Lab6.4\Lab6.4\Lab6.4.cpp(51,10): warning C4566: character represented by universal-character-name '\u00ED' cannot be represented in the current code page (1251)
D:\Github\PKR\Lab6.4\Lab6.4\Lab6.4\Lab6.4.cpp(51,10): warning C4566: character represented by universal-character-name '\u00F2' cannot be represented in the current code page (1251)
D:\Github\PKR\Lab6.4\Lab6.4\Lab6.4\Lab6.4.cpp(51,10): warning C4566: character represented by universal-character-name '\u00E8' cannot be represented in the current code page (1251)
D:\Github\PKR\Lab6.4\Lab6.4\Lab6.4\Lab6.4.cpp(51,10): warning C4566: character represented by universal-character-name '\u00F7' cannot be represented in the current code page (1251)
D:\Github\PKR\Lab6.4\Lab6.4\Lab6.4\Lab6.4.cpp(51,10): warning C4566: character represented by universal-character-name '\u00F0' cannot be represented in the current code page (1251)
D:\Github\PKR\Lab6.4\Lab6.4\Lab6.4\Lab6.4.cpp(51,10): warning C4566: character represented by universal-character-name '\u00E3' cannot be represented in the current code page (1251)
D:\Github\PKR\Lab6.4\Lab6.4\Lab6.4\Lab6.4.cpp(56,10): warning C4566: character represented by universal-character-name '\u00D0' cannot be represented in the current code page (1251)
D:\Github\PKR\Lab6.4\Lab6.4\Lab6.4\Lab6.4.cpp(56,10): warning C4566: character represented by universal-character-name '\u00F3' cannot be represented in the current code page (1251)
D:\Github\PKR\Lab6.4\Lab6.4\Lab6.4\Lab6.4.cpp(56,10): warning C4566: character represented by universal-character-name '\u00E7' cannot be represented in the current code page (1251)
D:\Github\PKR\Lab6.4\Lab6.4\Lab6.4\Lab6.4.cpp(56,10): warning C4566: character represented by universal-character-name '\u00EB' cannot be represented in the current code page (1251)
D:\Github\PKR\Lab6.4\Lab6.4\Lab6.4\Lab6.4.cpp(56,10): warning C4566: character represented by universal-character-name '\u00FC' cannot be represented in the current code page (1251)
D:\Github\PKR\Lab6.4\Lab6.4\Lab6.4\Lab6.4.cpp(56,10): warning C4566: character represented by universal-character-name '\u00F2' cannot be represented in the current code page (1251)
D:\Github\PKR\Lab6.4\Lab6.4\Lab6.4\Lab6.4.cpp(56,10): warning C4566: character represented by universal-character-name '\u00E0' cannot be represented in the current code page (1251)
D:\Github\PKR\Lab6.4\Lab6.4\Lab6.4\Lab6.4.cpp(95,10): warning C4566: character represented by universal-character-name '\u00C2' cannot be represented in the current code page (1251)
D:\Github\PKR\Lab6.4\Lab6.4\Lab6.4\Lab6.4.cpp(95,10): warning C4566: character represented by universal-character-name '\u00E8' cannot be represented in the current code page (1251)
D:\Github\PKR\Lab6.4\Lab6.4\Lab6.4\Lab6.4.cpp(95,10): warning C4566: character represented by universal-character-name '\u00E2' cannot be represented in the current code page (1251)
D:\Github\PKR\Lab6.4\Lab6.4\Lab6.4\Lab6.4.cpp(95,10): warning C4566: character represented by universal-character-name '\u00B3' cannot be represented in the current code page (1251)
D:\Github\PKR\Lab6.4\Lab6.4\Lab6.4\Lab6.4.cpp(95,10): warning C4566: character represented by universal-character-name '\u00E4' cannot be represented in the current code page (1251)
D:\Github\PKR\Lab6.4\Lab6.4\Lab6.4\Lab6.4.cpp(95,10): warning C4566: character represented by universal-character-name '\u00ED' cannot be represented in the current code page (1251)
D:\Github\PKR\Lab6.4\Lab6.4\Lab6.4\Lab6.4.cpp(95,10): warning C4566: character represented by universal-character-name '\u00F4' cannot be represented in the current code page (1251)
D:\Github\PKR\Lab6.4\Lab6.4\Lab6.4\Lab6.4.cpp(95,10): warning C4566: character represented by universal-character-name '\u00EE' cannot be represented in the current code page (1251)
D:\Github\PKR\Lab6.4\Lab6.4\Lab6.4\Lab6.4.cpp(95,10): warning C4566: character represented by universal-character-name '\u00F0' cannot be represented in the current code page (1251)
D:\Github\PKR\Lab6.4\Lab6.4\Lab6.4\Lab6.4.cpp(95,10): warning C4566: character represented by universal-character-name '\u00EC' cannot be represented in the current code page (1251)
D:\Github\PKR\Lab6.4\Lab6.4\Lab6.4\Lab6.4.cpp(95,10): warning C4566: character represented by universal-character-name '\u00E0' cannot be represented in the current code page (1251)
D:\Github\PKR\Lab6.4\Lab6.4\Lab6.4\Lab6.4.cpp(95,10): warning C4566: character represented by universal-character-name '\u00F6' cannot be represented in the current code page (1251)
D:\Github\PKR\Lab6.4\Lab6.4\Lab6.4\Lab6.4.cpp(95,10): warning C4566: character represented by universal-character-name '\u00BF' cannot be represented in the current code page (1251)
D:\Github\PKR\Lab6.4\Lab6.4\Lab6.4\Lab6.4.cpp(95,10): warning C4566: character represented by universal-character-name '\u00EF' cannot be represented in the current code page (1251)
D:\Github\PKR\Lab6.4\Lab6.4\Lab6.4\Lab6.4.cpp(95,10): warning C4566: character represented by universal-character-name '\u00EA' cannot be represented in the current code page (1251)
D:\Github\PKR\Lab6.4\Lab6.4\Lab6.4\Lab6.4.cpp(95,10): warning C4566: character represented by universal-character-name '\u00E9' cannot be represented in the current code page (1251)
D:\Github\PKR\Lab6.4\Lab6.4\Lab6.4\Lab6.4.cpp(95,10): warning C4566: character represented by universal-character-name '\u00E5' cannot be represented in the current code page (1251)
D:\Github\PKR\Lab6.4\Lab6.4\Lab6.4\Lab6.4.cpp(95,10): warning C4566: character represented by universal-character-name '\u00EB' cannot be represented in the current code page (1251)
D:\Github\PKR\Lab6.4\Lab6.4\Lab6.4\Lab6.4.cpp(95,10): warning C4566: character represented by universal-character-name '\u00F2' cannot be represented in the current code page (1251)
  Lab6.4.vcxproj -> D:\Github\PKR\Lab6.4\Lab6.4\x64\Debug\Lab6.4.exe
