  Lab6.9.cpp
D:\Github\PKR\Lab6.9\Lab6.9\Lab6.9\Lab6.9.cpp(185,11): warning C4566: character represented by universal-character-name '\u00D1' cannot be represented in the current code page (1251)
D:\Github\PKR\Lab6.9\Lab6.9\Lab6.9\Lab6.9.cpp(185,11): warning C4566: character represented by universal-character-name '\u00E8' cannot be represented in the current code page (1251)
D:\Github\PKR\Lab6.9\Lab6.9\Lab6.9\Lab6.9.cpp(185,11): warning C4566: character represented by universal-character-name '\u00EC' cannot be represented in the current code page (1251)
D:\Github\PKR\Lab6.9\Lab6.9\Lab6.9\Lab6.9.cpp(185,11): warning C4566: character represented by universal-character-name '\u00E5' cannot be represented in the current code page (1251)
D:\Github\PKR\Lab6.9\Lab6.9\Lab6.9\Lab6.9.cpp(185,11): warning C4566: character represented by universal-character-name '\u00F2' cannot be represented in the current code page (1251)
D:\Github\PKR\Lab6.9\Lab6.9\Lab6.9\Lab6.9.cpp(185,11): warning C4566: character represented by universal-character-name '\u00F0' cannot be represented in the current code page (1251)
D:\Github\PKR\Lab6.9\Lab6.9\Lab6.9\Lab6.9.cpp(185,11): warning C4566: character represented by universal-character-name '\u00F7' cannot be represented in the current code page (1251)
D:\Github\PKR\Lab6.9\Lab6.9\Lab6.9\Lab6.9.cpp(185,11): warning C4566: character represented by universal-character-name '\u00ED' cannot be represented in the current code page (1251)
D:\Github\PKR\Lab6.9\Lab6.9\Lab6.9\Lab6.9.cpp(185,11): warning C4566: character represented by universal-character-name '\u00E9' cannot be represented in the current code page (1251)
D:\Github\PKR\Lab6.9\Lab6.9\Lab6.9\Lab6.9.cpp(185,11): warning C4566: character represented by universal-character-name '\u00EE' cannot be represented in the current code page (1251)
D:\Github\PKR\Lab6.9\Lab6.9\Lab6.9\Lab6.9.cpp(185,11): warning C4566: character represented by universal-character-name '\u00E1' cannot be represented in the current code page (1251)
D:\Github\PKR\Lab6.9\Lab6.9\Lab6.9\Lab6.9.cpp(185,11): warning C4566: character represented by universal-character-name '\u00F5' cannot be represented in the current code page (1251)
D:\Github\PKR\Lab6.9\Lab6.9\Lab6.9\Lab6.9.cpp(185,11): warning C4566: character represented by universal-character-name '\u00B3' cannot be represented in the current code page (1251)
D:\Github\PKR\Lab6.9\Lab6.9\Lab6.9\Lab6.9.cpp(185,11): warning C4566: character represented by universal-character-name '\u00E4' cannot be represented in the current code page (1251)
D:\Github\PKR\Lab6.9\Lab6.9\Lab6.9\Lab6.9.cpp(185,11): warning C4566: character represented by universal-character-name '\u00CE' cannot be represented in the current code page (1251)
D:\Github\PKR\Lab6.9\Lab6.9\Lab6.9\Lab6.9.cpp(185,11): warning C4566: character represented by universal-character-name '\u00E2' cannot be represented in the current code page (1251)
D:\Github\PKR\Lab6.9\Lab6.9\Lab6.9\Lab6.9.cpp(185,11): warning C4566: character represented by universal-character-name '\u00F8' cannot be represented in the current code page (1251)
D:\Github\PKR\Lab6.9\Lab6.9\Lab6.9\Lab6.9.cpp(185,11): warning C4566: character represented by universal-character-name '\u00F3' cannot be represented in the current code page (1251)
D:\Github\PKR\Lab6.9\Lab6.9\Lab6.9\Lab6.9.cpp(185,11): warning C4566: character represented by universal-character-name '\u00E3' cannot be represented in the current code page (1251)
D:\Github\PKR\Lab6.9\Lab6.9\Lab6.9\Lab6.9.cpp(185,11): warning C4566: character represented by universal-character-name '\u00EB' cannot be represented in the current code page (1251)
D:\Github\PKR\Lab6.9\Lab6.9\Lab6.9\Lab6.9.cpp(191,12): warning C4566: character represented by universal-character-name '\u00C2' cannot be represented in the current code page (1251)
D:\Github\PKR\Lab6.9\Lab6.9\Lab6.9\Lab6.9.cpp(191,12): warning C4566: character represented by universal-character-name '\u00E2' cannot be represented in the current code page (1251)
D:\Github\PKR\Lab6.9\Lab6.9\Lab6.9\Lab6.9.cpp(191,12): warning C4566: character represented by universal-character-name '\u00E5' cannot be represented in the current code page (1251)
D:\Github\PKR\Lab6.9\Lab6.9\Lab6.9\Lab6.9.cpp(191,12): warning C4566: character represented by universal-character-name '\u00E4' cannot be represented in the current code page (1251)
D:\Github\PKR\Lab6.9\Lab6.9\Lab6.9\Lab6.9.cpp(191,12): warning C4566: character represented by universal-character-name '\u00B3' cannot be represented in the current code page (1251)
D:\Github\PKR\Lab6.9\Lab6.9\Lab6.9\Lab6.9.cpp(191,12): warning C4566: character represented by universal-character-name '\u00F2' cannot be represented in the current code page (1251)
D:\Github\PKR\Lab6.9\Lab6.9\Lab6.9\Lab6.9.cpp(191,12): warning C4566: character represented by universal-character-name '\u00FC' cannot be represented in the current code page (1251)
D:\Github\PKR\Lab6.9\Lab6.9\Lab6.9\Lab6.9.cpp(191,12): warning C4566: character represented by universal-character-name '\u00EB' cannot be represented in the current code page (1251)
D:\Github\PKR\Lab6.9\Lab6.9\Lab6.9\Lab6.9.cpp(191,12): warning C4566: character represented by universal-character-name '\u00EC' cannot be represented in the current code page (1251)
D:\Github\PKR\Lab6.9\Lab6.9\Lab6.9\Lab6.9.cpp(191,12): warning C4566: character represented by universal-character-name '\u00ED' cannot be represented in the current code page (1251)
D:\Github\PKR\Lab6.9\Lab6.9\Lab6.9\Lab6.9.cpp(191,12): warning C4566: character represented by universal-character-name '\u00FF' cannot be represented in the current code page (1251)
D:\Github\PKR\Lab6.9\Lab6.9\Lab6.9\Lab6.9.cpp(191,12): warning C4566: character represented by universal-character-name '\u00F1' cannot be represented in the current code page (1251)
D:\Github\PKR\Lab6.9\Lab6.9\Lab6.9\Lab6.9.cpp(191,12): warning C4566: character represented by universal-character-name '\u00E0' cannot be represented in the current code page (1251)
D:\Github\PKR\Lab6.9\Lab6.9\Lab6.9\Lab6.9.cpp(191,12): warning C4566: character represented by universal-character-name '\u00EA' cannot be represented in the current code page (1251)
D:\Github\PKR\Lab6.9\Lab6.9\Lab6.9\Lab6.9.cpp(191,12): warning C4566: character represented by universal-character-name '\u00E8' cannot be represented in the current code page (1251)
D:\Github\PKR\Lab6.9\Lab6.9\Lab6.9\Lab6.9.cpp(194,12): warning C4566: character represented by universal-character-name '\u00C5' cannot be represented in the current code page (1251)
D:\Github\PKR\Lab6.9\Lab6.9\Lab6.9\Lab6.9.cpp(194,12): warning C4566: character represented by universal-character-name '\u00EB' cannot be represented in the current code page (1251)
D:\Github\PKR\Lab6.9\Lab6.9\Lab6.9\Lab6.9.cpp(194,12): warning C4566: character represented by universal-character-name '\u00E5' cannot be represented in the current code page (1251)
D:\Github\PKR\Lab6.9\Lab6.9\Lab6.9\Lab6.9.cpp(194,12): warning C4566: character represented by universal-character-name '\u00EC' cannot be represented in the current code page (1251)
D:\Github\PKR\Lab6.9\Lab6.9\Lab6.9\Lab6.9.cpp(194,12): warning C4566: character represented by universal-character-name '\u00ED' cannot be represented in the current code page (1251)
D:\Github\PKR\Lab6.9\Lab6.9\Lab6.9\Lab6.9.cpp(194,12): warning C4566: character represented by universal-character-name '\u00F2' cannot be represented in the current code page (1251)
D:\Github\PKR\Lab6.9\Lab6.9\Lab6.9\Lab6.9.cpp(194,12): warning C4566: character represented by universal-character-name '\u00E8' cannot be represented in the current code page (1251)
D:\Github\PKR\Lab6.9\Lab6.9\Lab6.9\Lab6.9.cpp(194,12): warning C4566: character represented by universal-character-name '\u00E2' cannot be represented in the current code page (1251)
D:\Github\PKR\Lab6.9\Lab6.9\Lab6.9\Lab6.9.cpp(198,12): warning C4566: character represented by universal-character-name '\u00C2' cannot be represented in the current code page (1251)
D:\Github\PKR\Lab6.9\Lab6.9\Lab6.9\Lab6.9.cpp(198,12): warning C4566: character represented by universal-character-name '\u00E2' cannot be represented in the current code page (1251)
D:\Github\PKR\Lab6.9\Lab6.9\Lab6.9\Lab6.9.cpp(198,12): warning C4566: character represented by universal-character-name '\u00E5' cannot be represented in the current code page (1251)
D:\Github\PKR\Lab6.9\Lab6.9\Lab6.9\Lab6.9.cpp(198,12): warning C4566: character represented by universal-character-name '\u00E4' cannot be represented in the current code page (1251)
D:\Github\PKR\Lab6.9\Lab6.9\Lab6.9\Lab6.9.cpp(198,12): warning C4566: character represented by universal-character-name '\u00B3' cannot be represented in the current code page (1251)
D:\Github\PKR\Lab6.9\Lab6.9\Lab6.9\Lab6.9.cpp(198,12): warning C4566: character represented by universal-character-name '\u00F2' cannot be represented in the current code page (1251)
D:\Github\PKR\Lab6.9\Lab6.9\Lab6.9\Lab6.9.cpp(198,12): warning C4566: character represented by universal-character-name '\u00EB' cannot be represented in the current code page (1251)
D:\Github\PKR\Lab6.9\Lab6.9\Lab6.9\Lab6.9.cpp(198,12): warning C4566: character represented by universal-character-name '\u00EC' cannot be represented in the current code page (1251)
D:\Github\PKR\Lab6.9\Lab6.9\Lab6.9\Lab6.9.cpp(198,12): warning C4566: character represented by universal-character-name '\u00ED' cannot be represented in the current code page (1251)
D:\Github\PKR\Lab6.9\Lab6.9\Lab6.9\Lab6.9.cpp(198,12): warning C4566: character represented by universal-character-name '\u00FF' cannot be represented in the current code page (1251)
D:\Github\PKR\Lab6.9\Lab6.9\Lab6.9\Lab6.9.cpp(198,12): warning C4566: character represented by universal-character-name '\u00E8' cannot be represented in the current code page (1251)
D:\Github\PKR\Lab6.9\Lab6.9\Lab6.9\Lab6.9.cpp(198,12): warning C4566: character represented by universal-character-name '\u00E0' cannot be represented in the current code page (1251)
D:\Github\PKR\Lab6.9\Lab6.9\Lab6.9\Lab6.9.cpp(201,12): warning C4566: character represented by universal-character-name '\u00CF' cannot be represented in the current code page (1251)
D:\Github\PKR\Lab6.9\Lab6.9\Lab6.9\Lab6.9.cpp(201,12): warning C4566: character represented by universal-character-name '\u00B3' cannot be represented in the current code page (1251)
D:\Github\PKR\Lab6.9\Lab6.9\Lab6.9\Lab6.9.cpp(201,12): warning C4566: character represented by universal-character-name '\u00F1' cannot be represented in the current code page (1251)
D:\Github\PKR\Lab6.9\Lab6.9\Lab6.9\Lab6.9.cpp(201,12): warning C4566: character represented by universal-character-name '\u00EB' cannot be represented in the current code page (1251)
D:\Github\PKR\Lab6.9\Lab6.9\Lab6.9\Lab6.9.cpp(201,12): warning C4566: character represented by universal-character-name '\u00FF' cannot be represented in the current code page (1251)
D:\Github\PKR\Lab6.9\Lab6.9\Lab6.9\Lab6.9.cpp(201,12): warning C4566: character represented by universal-character-name '\u00E2' cannot be represented in the current code page (1251)
D:\Github\PKR\Lab6.9\Lab6.9\Lab6.9\Lab6.9.cpp(201,12): warning C4566: character represented by universal-character-name '\u00E8' cannot be represented in the current code page (1251)
D:\Github\PKR\Lab6.9\Lab6.9\Lab6.9\Lab6.9.cpp(201,12): warning C4566: character represented by universal-character-name '\u00E4' cannot be represented in the current code page (1251)
D:\Github\PKR\Lab6.9\Lab6.9\Lab6.9\Lab6.9.cpp(201,12): warning C4566: character represented by universal-character-name '\u00E0' cannot be represented in the current code page (1251)
D:\Github\PKR\Lab6.9\Lab6.9\Lab6.9\Lab6.9.cpp(201,12): warning C4566: character represented by universal-character-name '\u00E5' cannot be represented in the current code page (1251)
D:\Github\PKR\Lab6.9\Lab6.9\Lab6.9\Lab6.9.cpp(201,12): warning C4566: character represented by universal-character-name '\u00ED' cannot be represented in the current code page (1251)
D:\Github\PKR\Lab6.9\Lab6.9\Lab6.9\Lab6.9.cpp(201,12): warning C4566: character represented by universal-character-name '\u00EC' cannot be represented in the current code page (1251)
D:\Github\PKR\Lab6.9\Lab6.9\Lab6.9\Lab6.9.cpp(201,12): warning C4566: character represented by universal-character-name '\u00F2' cannot be represented in the current code page (1251)
D:\Github\PKR\Lab6.9\Lab6.9\Lab6.9\Lab6.9.cpp(218,12): warning C4566: character represented by universal-character-name '\u00CC' cannot be represented in the current code page (1251)
D:\Github\PKR\Lab6.9\Lab6.9\Lab6.9\Lab6.9.cpp(218,12): warning C4566: character represented by universal-character-name '\u00B3' cannot be represented in the current code page (1251)
D:\Github\PKR\Lab6.9\Lab6.9\Lab6.9\Lab6.9.cpp(218,12): warning C4566: character represented by universal-character-name '\u00ED' cannot be represented in the current code page (1251)
D:\Github\PKR\Lab6.9\Lab6.9\Lab6.9\Lab6.9.cpp(218,12): warning C4566: character represented by universal-character-name '\u00EC' cannot be represented in the current code page (1251)
D:\Github\PKR\Lab6.9\Lab6.9\Lab6.9\Lab6.9.cpp(218,12): warning C4566: character represented by universal-character-name '\u00E0' cannot be represented in the current code page (1251)
D:\Github\PKR\Lab6.9\Lab6.9\Lab6.9\Lab6.9.cpp(218,12): warning C4566: character represented by universal-character-name '\u00EB' cannot be represented in the current code page (1251)
D:\Github\PKR\Lab6.9\Lab6.9\Lab6.9\Lab6.9.cpp(218,12): warning C4566: character represented by universal-character-name '\u00FC' cannot be represented in the current code page (1251)
D:\Github\PKR\Lab6.9\Lab6.9\Lab6.9\Lab6.9.cpp(218,12): warning C4566: character represented by universal-character-name '\u00E8' cannot be represented in the current code page (1251)
D:\Github\PKR\Lab6.9\Lab6.9\Lab6.9\Lab6.9.cpp(218,12): warning C4566: character represented by universal-character-name '\u00E9' cannot be represented in the current code page (1251)
D:\Github\PKR\Lab6.9\Lab6.9\Lab6.9\Lab6.9.cpp(218,12): warning C4566: character represented by universal-character-name '\u00E5' cannot be represented in the current code page (1251)
D:\Github\PKR\Lab6.9\Lab6.9\Lab6.9\Lab6.9.cpp(218,12): warning C4566: character represented by universal-character-name '\u00F2' cannot be represented in the current code page (1251)
D:\Github\PKR\Lab6.9\Lab6.9\Lab6.9\Lab6.9.cpp(222,12): warning C4566: character represented by universal-character-name '\u00CC' cannot be represented in the current code page (1251)
D:\Github\PKR\Lab6.9\Lab6.9\Lab6.9\Lab6.9.cpp(222,12): warning C4566: character represented by universal-character-name '\u00E0' cannot be represented in the current code page (1251)
D:\Github\PKR\Lab6.9\Lab6.9\Lab6.9\Lab6.9.cpp(222,12): warning C4566: character represented by universal-character-name '\u00EA' cannot be represented in the current code page (1251)
D:\Github\PKR\Lab6.9\Lab6.9\Lab6.9\Lab6.9.cpp(222,12): warning C4566: character represented by universal-character-name '\u00F1' cannot be represented in the current code page (1251)
D:\Github\PKR\Lab6.9\Lab6.9\Lab6.9\Lab6.9.cpp(222,12): warning C4566: character represented by universal-character-name '\u00E8' cannot be represented in the current code page (1251)
D:\Github\PKR\Lab6.9\Lab6.9\Lab6.9\Lab6.9.cpp(222,12): warning C4566: character represented by universal-character-name '\u00EC' cannot be represented in the current code page (1251)
D:\Github\PKR\Lab6.9\Lab6.9\Lab6.9\Lab6.9.cpp(222,12): warning C4566: character represented by universal-character-name '\u00EB' cannot be represented in the current code page (1251)
D:\Github\PKR\Lab6.9\Lab6.9\Lab6.9\Lab6.9.cpp(222,12): warning C4566: character represented by universal-character-name '\u00FC' cannot be represented in the current code page (1251)
D:\Github\PKR\Lab6.9\Lab6.9\Lab6.9\Lab6.9.cpp(222,12): warning C4566: character represented by universal-character-name '\u00ED' cannot be represented in the current code page (1251)
D:\Github\PKR\Lab6.9\Lab6.9\Lab6.9\Lab6.9.cpp(222,12): warning C4566: character represented by universal-character-name '\u00E9' cannot be represented in the current code page (1251)
D:\Github\PKR\Lab6.9\Lab6.9\Lab6.9\Lab6.9.cpp(222,12): warning C4566: character represented by universal-character-name '\u00E5' cannot be represented in the current code page (1251)
D:\Github\PKR\Lab6.9\Lab6.9\Lab6.9\Lab6.9.cpp(222,12): warning C4566: character represented by universal-character-name '\u00F2' cannot be represented in the current code page (1251)
D:\Github\PKR\Lab6.9\Lab6.9\Lab6.9\Lab6.9.cpp(225,12): warning C4566: character represented by universal-character-name '\u00C2' cannot be represented in the current code page (1251)
D:\Github\PKR\Lab6.9\Lab6.9\Lab6.9\Lab6.9.cpp(225,12): warning C4566: character represented by universal-character-name '\u00E2' cannot be represented in the current code page (1251)
D:\Github\PKR\Lab6.9\Lab6.9\Lab6.9\Lab6.9.cpp(225,12): warning C4566: character represented by universal-character-name '\u00E5' cannot be represented in the current code page (1251)
D:\Github\PKR\Lab6.9\Lab6.9\Lab6.9\Lab6.9.cpp(225,12): warning C4566: character represented by universal-character-name '\u00E4' cannot be represented in the current code page (1251)
D:\Github\PKR\Lab6.9\Lab6.9\Lab6.9\Lab6.9.cpp(225,12): warning C4566: character represented by universal-character-name '\u00B3' cannot be represented in the current code page (1251)
D:\Github\PKR\Lab6.9\Lab6.9\Lab6.9\Lab6.9.cpp(225,12): warning C4566: character represented by universal-character-name '\u00F2' cannot be represented in the current code page (1251)
D:\Github\PKR\Lab6.9\Lab6.9\Lab6.9\Lab6.9.cpp(225,12): warning C4566: character represented by universal-character-name '\u00FC' cannot be represented in the current code page (1251)
D:\Github\PKR\Lab6.9\Lab6.9\Lab6.9\Lab6.9.cpp(225,12): warning C4566: character represented by universal-character-name '\u00EB' cannot be represented in the current code page (1251)
D:\Github\PKR\Lab6.9\Lab6.9\Lab6.9\Lab6.9.cpp(225,12): warning C4566: character represented by universal-character-name '\u00EC' cannot be represented in the current code page (1251)
D:\Github\PKR\Lab6.9\Lab6.9\Lab6.9\Lab6.9.cpp(225,12): warning C4566: character represented by universal-character-name '\u00ED' cannot be represented in the current code page (1251)
D:\Github\PKR\Lab6.9\Lab6.9\Lab6.9\Lab6.9.cpp(225,12): warning C4566: character represented by universal-character-name '\u00FF' cannot be represented in the current code page (1251)
D:\Github\PKR\Lab6.9\Lab6.9\Lab6.9\Lab6.9.cpp(225,12): warning C4566: character represented by universal-character-name '\u00EF' cannot be represented in the current code page (1251)
D:\Github\PKR\Lab6.9\Lab6.9\Lab6.9\Lab6.9.cpp(225,12): warning C4566: character represented by universal-character-name '\u00EE' cannot be represented in the current code page (1251)
D:\Github\PKR\Lab6.9\Lab6.9\Lab6.9\Lab6.9.cpp(225,12): warning C4566: character represented by universal-character-name '\u00F8' cannot be represented in the current code page (1251)
D:\Github\PKR\Lab6.9\Lab6.9\Lab6.9\Lab6.9.cpp(225,12): warning C4566: character represented by universal-character-name '\u00F3' cannot be represented in the current code page (1251)
D:\Github\PKR\Lab6.9\Lab6.9\Lab6.9\Lab6.9.cpp(225,12): warning C4566: character represented by universal-character-name '\u00EA' cannot be represented in the current code page (1251)
D:\Github\PKR\Lab6.9\Lab6.9\Lab6.9\Lab6.9.cpp(230,13): warning C4566: character represented by universal-character-name '\u00C5' cannot be represented in the current code page (1251)
D:\Github\PKR\Lab6.9\Lab6.9\Lab6.9\Lab6.9.cpp(230,13): warning C4566: character represented by universal-character-name '\u00EB' cannot be represented in the current code page (1251)
D:\Github\PKR\Lab6.9\Lab6.9\Lab6.9\Lab6.9.cpp(230,13): warning C4566: character represented by universal-character-name '\u00E5' cannot be represented in the current code page (1251)
D:\Github\PKR\Lab6.9\Lab6.9\Lab6.9\Lab6.9.cpp(230,13): warning C4566: character represented by universal-character-name '\u00EC' cannot be represented in the current code page (1251)
D:\Github\PKR\Lab6.9\Lab6.9\Lab6.9\Lab6.9.cpp(230,13): warning C4566: character represented by universal-character-name '\u00ED' cannot be represented in the current code page (1251)
D:\Github\PKR\Lab6.9\Lab6.9\Lab6.9\Lab6.9.cpp(230,13): warning C4566: character represented by universal-character-name '\u00F2' cannot be represented in the current code page (1251)
D:\Github\PKR\Lab6.9\Lab6.9\Lab6.9\Lab6.9.cpp(230,13): warning C4566: character represented by universal-character-name '\u00E7' cannot be represented in the current code page (1251)
D:\Github\PKR\Lab6.9\Lab6.9\Lab6.9\Lab6.9.cpp(230,13): warning C4566: character represented by universal-character-name '\u00E0' cannot be represented in the current code page (1251)
D:\Github\PKR\Lab6.9\Lab6.9\Lab6.9\Lab6.9.cpp(230,13): warning C4566: character represented by universal-character-name '\u00E9' cannot be represented in the current code page (1251)
D:\Github\PKR\Lab6.9\Lab6.9\Lab6.9\Lab6.9.cpp(230,13): warning C4566: character represented by universal-character-name '\u00E4' cannot be represented in the current code page (1251)
D:\Github\PKR\Lab6.9\Lab6.9\Lab6.9\Lab6.9.cpp(230,13): warning C4566: character represented by universal-character-name '\u00EE' cannot be represented in the current code page (1251)
D:\Github\PKR\Lab6.9\Lab6.9\Lab6.9\Lab6.9.cpp(234,13): warning C4566: character represented by universal-character-name '\u00C5' cannot be represented in the current code page (1251)
D:\Github\PKR\Lab6.9\Lab6.9\Lab6.9\Lab6.9.cpp(234,13): warning C4566: character represented by universal-character-name '\u00EB' cannot be represented in the current code page (1251)
D:\Github\PKR\Lab6.9\Lab6.9\Lab6.9\Lab6.9.cpp(234,13): warning C4566: character represented by universal-character-name '\u00E5' cannot be represented in the current code page (1251)
D:\Github\PKR\Lab6.9\Lab6.9\Lab6.9\Lab6.9.cpp(234,13): warning C4566: character represented by universal-character-name '\u00EC' cannot be represented in the current code page (1251)
D:\Github\PKR\Lab6.9\Lab6.9\Lab6.9\Lab6.9.cpp(234,13): warning C4566: character represented by universal-character-name '\u00ED' cannot be represented in the current code page (1251)
D:\Github\PKR\Lab6.9\Lab6.9\Lab6.9\Lab6.9.cpp(234,13): warning C4566: character represented by universal-character-name '\u00F2' cannot be represented in the current code page (1251)
D:\Github\PKR\Lab6.9\Lab6.9\Lab6.9\Lab6.9.cpp(234,50): warning C4566: character represented by universal-character-name '\u00C7' cannot be represented in the current code page (1251)
D:\Github\PKR\Lab6.9\Lab6.9\Lab6.9\Lab6.9.cpp(234,50): warning C4566: character represented by universal-character-name '\u00ED' cannot be represented in the current code page (1251)
D:\Github\PKR\Lab6.9\Lab6.9\Lab6.9\Lab6.9.cpp(234,50): warning C4566: character represented by universal-character-name '\u00E0' cannot be represented in the current code page (1251)
D:\Github\PKR\Lab6.9\Lab6.9\Lab6.9\Lab6.9.cpp(234,50): warning C4566: character represented by universal-character-name '\u00E9' cannot be represented in the current code page (1251)
D:\Github\PKR\Lab6.9\Lab6.9\Lab6.9\Lab6.9.cpp(234,50): warning C4566: character represented by universal-character-name '\u00E4' cannot be represented in the current code page (1251)
D:\Github\PKR\Lab6.9\Lab6.9\Lab6.9\Lab6.9.cpp(234,50): warning C4566: character represented by universal-character-name '\u00E5' cannot be represented in the current code page (1251)
D:\Github\PKR\Lab6.9\Lab6.9\Lab6.9\Lab6.9.cpp(234,50): warning C4566: character represented by universal-character-name '\u00EE' cannot be represented in the current code page (1251)
D:\Github\PKR\Lab6.9\Lab6.9\Lab6.9\Lab6.9.cpp(247,12): warning C4566: character represented by universal-character-name '\u00CD' cannot be represented in the current code page (1251)
D:\Github\PKR\Lab6.9\Lab6.9\Lab6.9\Lab6.9.cpp(247,12): warning C4566: character represented by universal-character-name '\u00E5' cannot be represented in the current code page (1251)
D:\Github\PKR\Lab6.9\Lab6.9\Lab6.9\Lab6.9.cpp(247,12): warning C4566: character represented by universal-character-name '\u00EF' cannot be represented in the current code page (1251)
D:\Github\PKR\Lab6.9\Lab6.9\Lab6.9\Lab6.9.cpp(247,12): warning C4566: character represented by universal-character-name '\u00F0' cannot be represented in the current code page (1251)
D:\Github\PKR\Lab6.9\Lab6.9\Lab6.9\Lab6.9.cpp(247,12): warning C4566: character represented by universal-character-name '\u00E0' cannot be represented in the current code page (1251)
D:\Github\PKR\Lab6.9\Lab6.9\Lab6.9\Lab6.9.cpp(247,12): warning C4566: character represented by universal-character-name '\u00E2' cannot be represented in the current code page (1251)
D:\Github\PKR\Lab6.9\Lab6.9\Lab6.9\Lab6.9.cpp(247,12): warning C4566: character represented by universal-character-name '\u00E8' cannot be represented in the current code page (1251)
D:\Github\PKR\Lab6.9\Lab6.9\Lab6.9\Lab6.9.cpp(247,12): warning C4566: character represented by universal-character-name '\u00EB' cannot be represented in the current code page (1251)
D:\Github\PKR\Lab6.9\Lab6.9\Lab6.9\Lab6.9.cpp(247,12): warning C4566: character represented by universal-character-name '\u00FC' cannot be represented in the current code page (1251)
D:\Github\PKR\Lab6.9\Lab6.9\Lab6.9\Lab6.9.cpp(247,12): warning C4566: character represented by universal-character-name '\u00ED' cannot be represented in the current code page (1251)
D:\Github\PKR\Lab6.9\Lab6.9\Lab6.9\Lab6.9.cpp(247,12): warning C4566: character represented by universal-character-name '\u00E9' cannot be represented in the current code page (1251)
D:\Github\PKR\Lab6.9\Lab6.9\Lab6.9\Lab6.9.cpp(247,12): warning C4566: character represented by universal-character-name '\u00F3' cannot be represented in the current code page (1251)
D:\Github\PKR\Lab6.9\Lab6.9\Lab6.9\Lab6.9.cpp(247,12): warning C4566: character represented by universal-character-name '\u00EA' cannot be represented in the current code page (1251)
D:\Github\PKR\Lab6.9\Lab6.9\Lab6.9\Lab6.9.cpp(247,12): warning C4566: character represented by universal-character-name '\u00F2' cannot be represented in the current code page (1251)
D:\Github\PKR\Lab6.9\Lab6.9\Lab6.9\Lab6.9.cpp(247,12): warning C4566: character represented by universal-character-name '\u00EC' cannot be represented in the current code page (1251)
D:\Github\PKR\Lab6.9\Lab6.9\Lab6.9\Lab6.9.cpp(247,12): warning C4566: character represented by universal-character-name '\u00FE' cannot be represented in the current code page (1251)
D:\Github\PKR\Lab6.9\Lab6.9\Lab6.9\Lab6.9.cpp(247,12): warning C4566: character represented by universal-character-name '\u00F1' cannot be represented in the current code page (1251)
D:\Github\PKR\Lab6.9\Lab6.9\Lab6.9\Lab6.9.cpp(247,12): warning C4566: character represented by universal-character-name '\u00EE' cannot be represented in the current code page (1251)
D:\Github\PKR\Lab6.9\Lab6.9\Lab6.9\Lab6.9.cpp(247,12): warning C4566: character represented by universal-character-name '\u00E1' cannot be represented in the current code page (1251)
D:\Github\PKR\Lab6.9\Lab6.9\Lab6.9\Lab6.9.cpp(247,12): warning C4566: character represented by universal-character-name '\u00E3' cannot be represented in the current code page (1251)
D:\Github\PKR\Lab6.9\Lab6.9\Lab6.9\Lab6.9.cpp(247,12): warning C4566: character represented by universal-character-name '\u00F9' cannot be represented in the current code page (1251)
D:\Github\PKR\Lab6.9\Lab6.9\Lab6.9\Lab6.9.cpp(247,12): warning C4566: character represented by universal-character-name '\u00E7' cannot be represented in the current code page (1251)
  Lab6.9.vcxproj -> D:\Github\PKR\Lab6.9\Lab6.9\x64\Debug\Lab6.9.exe
